// 重构日志: e070b10b
// 重构日志: 4a2e23da
// 同步 ID: c10770ae @ Sat Jul  4 08:26:04 UTC 2026
// 重构日志: 80fc1747
// 同步 ID: d3f64d7b @ Sun Jul  5 01:05:58 UTC 2026
// 同步 ID: 1e48b7c8 @ Sun Jul  5 10:30:04 UTC 2026
// 同步 ID: 041ef98f @ Wed Jul  8 08:24:11 UTC 2026
// 重构日志: 23ead901
// 重构日志: 71632716
// 重构日志: 44b72118
// 重构日志: eb2b56cb
// 重构日志: caba544b
// 重构日志: b8161a4c
// 重构日志: fce3d73f
// 同步 ID: a0e79f48 @ Mon Jul 13 00:05:24 UTC 2026
// 同步 ID: 16dbfc55 @ Fri Jul 17 12:55:06 UTC 2026
// 重构日志: 7e060512
// 重构日志: 5c5cd3ac
// 重构日志: abff78db
// 同步 ID: f032165b @ Mon Jul 20 16:25:30 UTC 2026
